<?xml version="1.0" encoding="UTF-8"?>
<!-- Generated by org.testng.reporters.JUnitReportReporter -->
<testsuite hostname="DESKTOP-5BKKI8L" failures="0" tests="3" name="com.allianz.test.LoginTest" time="48.685" errors="0" timestamp="2024-04-22T23:58:15 PDT" skipped="0">
  <testcase classname="com.allianz.test.LoginTest" name="invalidLoginTest" time="23.895"/>
  <testcase classname="com.allianz.test.LoginTest" name="invalidLoginTest" time="11.749"/>
  <testcase classname="com.allianz.test.LoginTest" name="invalidLoginTest" time="13.041"/>
</testsuite> <!-- com.allianz.test.LoginTest -->
