<?xml version="1.0" encoding="UTF-8"?>
<!-- Generated by org.testng.reporters.JUnitReportReporter -->
<testsuite hostname="DESKTOP-5BKKI8L" failures="0" tests="2" name="com.allianz.test.LoginUITest" time="28.595" errors="0" timestamp="2024-04-03T23:39:05 PDT" skipped="0">
  <testcase classname="com.allianz.test.LoginUITest" name="titleTest" time="12.509"/>
  <testcase classname="com.allianz.test.LoginUITest" name="applicationDescription" time="16.086"/>
</testsuite> <!-- com.allianz.test.LoginUITest -->
