<?xml version="1.0" encoding="UTF-8"?>
<!-- Generated by org.testng.reporters.JUnitReportReporter -->
<testsuite hostname="DESKTOP-5BKKI8L" failures="0" tests="3" name="com.allianz.test.ZDemoTest" time="0.039" errors="0" timestamp="2024-04-16T00:11:03 PDT" skipped="0">
  <testcase classname="com.allianz.test.ZDemoTest" name="validTest" time="0.021"/>
  <testcase classname="com.allianz.test.ZDemoTest" name="validTest" time="0.012"/>
  <testcase classname="com.allianz.test.ZDemoTest" name="validTest" time="0.006"/>
</testsuite> <!-- com.allianz.test.ZDemoTest -->
