<?xml version="1.0" encoding="UTF-8"?>
<!-- Generated by org.testng.reporters.JUnitReportReporter -->
<testsuite hostname="DESKTOP-5BKKI8L" failures="0" tests="2" name="com.allianz.test.LoginUITest" time="19.583" errors="0" timestamp="2024-04-03T23:52:12 PDT" skipped="0">
  <testcase classname="com.allianz.test.LoginUITest" name="titleTest" time="8.959"/>
  <testcase classname="com.allianz.test.LoginUITest" name="applicationDescription" time="10.624"/>
</testsuite> <!-- com.allianz.test.LoginUITest -->
