<?xml version="1.0" encoding="UTF-8"?>
<!-- Generated by org.testng.reporters.JUnitReportReporter -->
<testsuite hostname="DESKTOP-5BKKI8L" failures="0" tests="2" name="com.allianz.test.LoginUITest" time="27.056" errors="0" timestamp="2024-05-14T02:31:42 PDT" skipped="0">
  <testcase classname="com.allianz.test.LoginUITest" name="titleTest" time="14.195"/>
  <testcase classname="com.allianz.test.LoginUITest" name="applicationDescription" time="12.861"/>
</testsuite> <!-- com.allianz.test.LoginUITest -->
