<?xml version="1.0" encoding="UTF-8"?>
<!-- Generated by org.testng.reporters.JUnitReportReporter -->
<testsuite hostname="DESKTOP-5BKKI8L" failures="0" tests="2" name="com.allianz.test.LoginUITest" time="0.049" errors="0" timestamp="2024-04-02T00:09:48 PDT" skipped="0">
  <testcase classname="com.allianz.test.LoginUITest" name="applicationDescription" time="0.033"/>
  <testcase classname="com.allianz.test.LoginUITest" name="titleTest" time="0.016"/>
</testsuite> <!-- com.allianz.test.LoginUITest -->
