<?xml version="1.0" encoding="UTF-8"?>
<!-- Generated by org.testng.reporters.JUnitReportReporter -->
<testsuite hostname="DESKTOP-5BKKI8L" failures="0" tests="4" name="com.allianz.test.LoginUITest" time="54.610" errors="0" timestamp="2024-04-30T06:28:56 PDT" skipped="0">
  <testcase classname="com.allianz.test.LoginUITest" name="titleTest" time="10.484"/>
  <testcase classname="com.allianz.test.LoginUITest" name="titleTest" time="18.155"/>
  <testcase classname="com.allianz.test.LoginUITest" name="applicationDescription" time="13.642"/>
  <testcase classname="com.allianz.test.LoginUITest" name="applicationDescription" time="12.329"/>
</testsuite> <!-- com.allianz.test.LoginUITest -->
