<?xml version="1.0" encoding="UTF-8"?>
<!-- Generated by org.testng.reporters.JUnitReportReporter -->
<testsuite hostname="DESKTOP-5BKKI8L" failures="0" tests="2" name="com.allianz.test.LoginTest" time="23.406" errors="0" timestamp="2024-04-08T22:13:11 PDT" skipped="0">
  <testcase classname="com.allianz.test.LoginTest" name="invalidLoginTest" time="6.855"/>
  <testcase classname="com.allianz.test.LoginTest" name="validLoginTest" time="16.551"/>
</testsuite> <!-- com.allianz.test.LoginTest -->
