<?xml version="1.0" encoding="UTF-8"?>
<!-- Generated by org.testng.reporters.JUnitReportReporter -->
<testsuite hostname="DESKTOP-5BKKI8L" failures="0" tests="4" name="com.allianz.test.LoginTest" time="56.852" errors="0" timestamp="2024-04-25T00:21:50 PDT" skipped="0">
  <testcase classname="com.allianz.test.LoginTest" name="validLoginTest" time="19.937"/>
  <testcase classname="com.allianz.test.LoginTest" name="invalidLoginTest" time="12.796"/>
  <testcase classname="com.allianz.test.LoginTest" name="invalidLoginTest" time="12.023"/>
  <testcase classname="com.allianz.test.LoginTest" name="invalidLoginTest" time="12.096"/>
</testsuite> <!-- com.allianz.test.LoginTest -->
